Library/Bee/Android/Prj/Mono2x/Gradle/launcher/build/intermediates/manifest_merge_blame_file/debug/manifest-merger-blame-debug-report.txt
1<?xml version="1.0" encoding="utf-8"?>
2<manifest xmlns:android="http://schemas.android.com/apk/res/android"
3    package="com.AzurGamesTest.AzurGamesTest"
4    android:installLocation="preferExternal"
5    android:versionCode="1"
6    android:versionName="1.0.2" >
7
8    <uses-sdk
9        android:minSdkVersion="33"
9-->src\main\AndroidManifest.xml
10        android:targetSdkVersion="33" />
10-->src\main\AndroidManifest.xml
11
12    <supports-screens
12-->src\main\AndroidManifest.xml:3:3-163
13        android:anyDensity="true"
13-->src\main\AndroidManifest.xml:3:135-160
14        android:largeScreens="true"
14-->src\main\AndroidManifest.xml:3:78-105
15        android:normalScreens="true"
15-->src\main\AndroidManifest.xml:3:49-77
16        android:smallScreens="true"
16-->src\main\AndroidManifest.xml:3:21-48
17        android:xlargeScreens="true" />
17-->src\main\AndroidManifest.xml:3:106-134
18
19    <uses-feature android:glEsVersion="0x00030000" />
19-->[:unityLibrary] AndroidManifest.xml:12:5-54
19-->[:unityLibrary] AndroidManifest.xml:12:19-51
20    <uses-feature
20-->[:unityLibrary] AndroidManifest.xml:13:5-15:36
21        android:name="android.hardware.vulkan.version"
21-->[:unityLibrary] AndroidManifest.xml:14:9-55
22        android:required="false" />
22-->[:unityLibrary] AndroidManifest.xml:15:9-33
23
24    <uses-permission android:name="android.permission.INTERNET" />
24-->[:unityLibrary] AndroidManifest.xml:17:5-67
24-->[:unityLibrary] AndroidManifest.xml:17:22-64
25
26    <uses-feature
26-->[:unityLibrary] AndroidManifest.xml:19:5-21:36
27        android:name="android.hardware.touchscreen"
27-->[:unityLibrary] AndroidManifest.xml:20:9-52
28        android:required="false" />
28-->[:unityLibrary] AndroidManifest.xml:21:9-33
29    <uses-feature
29-->[:unityLibrary] AndroidManifest.xml:22:5-24:36
30        android:name="android.hardware.touchscreen.multitouch"
30-->[:unityLibrary] AndroidManifest.xml:23:9-63
31        android:required="false" />
31-->[:unityLibrary] AndroidManifest.xml:24:9-33
32    <uses-feature
32-->[:unityLibrary] AndroidManifest.xml:25:5-27:36
33        android:name="android.hardware.touchscreen.multitouch.distinct"
33-->[:unityLibrary] AndroidManifest.xml:26:9-72
34        android:required="false" />
34-->[:unityLibrary] AndroidManifest.xml:27:9-33
35
36    <uses-permission android:name="android.permission.POST_NOTIFICATIONS" />
36-->[:unityLibrary] AndroidManifest.xml:29:5-77
36-->[:unityLibrary] AndroidManifest.xml:29:22-74
37
38    <application
38-->src\main\AndroidManifest.xml:4:3-83
39        android:debuggable="true"
40        android:extractNativeLibs="true"
40-->[:unityLibrary] AndroidManifest.xml:31:18-50
41        android:icon="@mipmap/app_icon"
41-->src\main\AndroidManifest.xml:4:49-80
42        android:label="@string/app_name" >
42-->src\main\AndroidManifest.xml:4:16-48
43        <activity
43-->[:unityLibrary] AndroidManifest.xml:32:9-53:20
44            android:name="com.unity3d.player.UnityPlayerActivity"
44-->[:unityLibrary] AndroidManifest.xml:33:13-66
45            android:configChanges="mcc|mnc|locale|touchscreen|keyboard|keyboardHidden|navigation|orientation|screenLayout|uiMode|screenSize|smallestScreenSize|fontScale|layoutDirection|density"
45-->[:unityLibrary] AndroidManifest.xml:34:13-194
46            android:exported="true"
46-->[:unityLibrary] AndroidManifest.xml:35:13-36
47            android:hardwareAccelerated="false"
47-->[:unityLibrary] AndroidManifest.xml:36:13-48
48            android:launchMode="singleTask"
48-->[:unityLibrary] AndroidManifest.xml:37:13-44
49            android:resizeableActivity="false"
49-->[:unityLibrary] AndroidManifest.xml:38:13-47
50            android:screenOrientation="portrait"
50-->[:unityLibrary] AndroidManifest.xml:39:13-49
51            android:theme="@style/UnityThemeSelector" >
51-->[:unityLibrary] AndroidManifest.xml:40:13-54
52            <intent-filter>
52-->[:unityLibrary] AndroidManifest.xml:41:13-45:29
53                <action android:name="android.intent.action.MAIN" />
53-->[:unityLibrary] AndroidManifest.xml:42:17-69
53-->[:unityLibrary] AndroidManifest.xml:42:25-66
54
55                <category android:name="android.intent.category.LAUNCHER" />
55-->[:unityLibrary] AndroidManifest.xml:44:17-77
55-->[:unityLibrary] AndroidManifest.xml:44:27-74
56            </intent-filter>
57
58            <meta-data
58-->[:unityLibrary] AndroidManifest.xml:47:13-49:40
59                android:name="unityplayer.UnityActivity"
59-->[:unityLibrary] AndroidManifest.xml:48:17-57
60                android:value="true" />
60-->[:unityLibrary] AndroidManifest.xml:49:17-37
61            <meta-data
61-->[:unityLibrary] AndroidManifest.xml:50:13-52:40
62                android:name="android.notch_support"
62-->[:unityLibrary] AndroidManifest.xml:51:17-53
63                android:value="true" />
63-->[:unityLibrary] AndroidManifest.xml:52:17-37
64        </activity>
65
66        <meta-data
66-->[:unityLibrary] AndroidManifest.xml:55:9-57:33
67            android:name="unity.splash-mode"
67-->[:unityLibrary] AndroidManifest.xml:56:13-45
68            android:value="0" />
68-->[:unityLibrary] AndroidManifest.xml:57:13-30
69        <meta-data
69-->[:unityLibrary] AndroidManifest.xml:58:9-60:36
70            android:name="unity.splash-enable"
70-->[:unityLibrary] AndroidManifest.xml:59:13-47
71            android:value="True" />
71-->[:unityLibrary] AndroidManifest.xml:60:13-33
72        <meta-data
72-->[:unityLibrary] AndroidManifest.xml:61:9-63:36
73            android:name="unity.launch-fullscreen"
73-->[:unityLibrary] AndroidManifest.xml:62:13-51
74            android:value="True" />
74-->[:unityLibrary] AndroidManifest.xml:63:13-33
75        <meta-data
75-->[:unityLibrary] AndroidManifest.xml:64:9-66:37
76            android:name="unity.allow-resizable-window"
76-->[:unityLibrary] AndroidManifest.xml:65:13-56
77            android:value="False" />
77-->[:unityLibrary] AndroidManifest.xml:66:13-34
78        <meta-data
78-->[:unityLibrary] AndroidManifest.xml:67:9-69:50
79            android:name="notch.config"
79-->[:unityLibrary] AndroidManifest.xml:68:13-40
80            android:value="portrait|landscape" />
80-->[:unityLibrary] AndroidManifest.xml:69:13-47
81        <meta-data
81-->[:unityLibrary] AndroidManifest.xml:70:9-72:36
82            android:name="unity.auto-report-fully-drawn"
82-->[:unityLibrary] AndroidManifest.xml:71:13-57
83            android:value="true" />
83-->[:unityLibrary] AndroidManifest.xml:72:13-33
84
85        <receiver
85-->[:unityLibrary] AndroidManifest.xml:74:9-76:40
86            android:name="com.unity.androidnotifications.UnityNotificationManager"
86-->[:unityLibrary] AndroidManifest.xml:75:13-83
87            android:exported="false" />
87-->[:unityLibrary] AndroidManifest.xml:76:13-37
88        <receiver
88-->[:unityLibrary] AndroidManifest.xml:77:9-84:20
89            android:name="com.unity.androidnotifications.UnityNotificationRestartOnBootReceiver"
89-->[:unityLibrary] AndroidManifest.xml:78:13-97
90            android:enabled="false"
90-->[:unityLibrary] AndroidManifest.xml:79:13-36
91            android:exported="false" >
91-->[:unityLibrary] AndroidManifest.xml:80:13-37
92            <intent-filter>
92-->[:unityLibrary] AndroidManifest.xml:81:13-83:29
93                <action android:name="android.intent.action.BOOT_COMPLETED" />
93-->[:unityLibrary] AndroidManifest.xml:82:17-79
93-->[:unityLibrary] AndroidManifest.xml:82:25-76
94            </intent-filter>
95        </receiver>
96
97        <meta-data
97-->[:unityLibrary] AndroidManifest.xml:86:9-88:33
98            android:name="com.unity.androidnotifications.exact_scheduling"
98-->[:unityLibrary] AndroidManifest.xml:87:13-75
99            android:value="0" />
99-->[:unityLibrary] AndroidManifest.xml:88:13-30
100    </application>
101
102</manifest>